<?xml version="1.0" encoding="UTF-8"?>
<testsuite name="com.SpringFirst.springboot.web.IndexControllerTest" tests="1" skipped="0" failures="0" errors="0" timestamp="2020-07-22T06:46:27" hostname="DESKTOP-JNEGHC6" time="0.145">
  <properties/>
  <testcase name="메인페이지_로딩" classname="com.SpringFirst.springboot.web.IndexControllerTest" time="0.145"/>
  <system-out><![CDATA[2020-07-22 15:46:25.392  INFO 13180 --- [    Test worker] .b.t.c.SpringBootTestContextBootstrapper : Neither @ContextConfiguration nor @ContextHierarchy found for test class [com.SpringFirst.springboot.web.IndexControllerTest], using SpringBootContextLoader
2020-07-22 15:46:25.392  INFO 13180 --- [    Test worker] o.s.t.c.support.AbstractContextLoader    : Could not detect default resource locations for test class [com.SpringFirst.springboot.web.IndexControllerTest]: no resource found for suffixes {-context.xml, Context.groovy}.
2020-07-22 15:46:25.392  INFO 13180 --- [    Test worker] t.c.s.AnnotationConfigContextLoaderUtils : Could not detect default configuration classes for test class [com.SpringFirst.springboot.web.IndexControllerTest]: IndexControllerTest does not declare any static, non-private, non-final, nested classes annotated with @Configuration.
2020-07-22 15:46:25.394  INFO 13180 --- [    Test worker] .b.t.c.SpringBootTestContextBootstrapper : Found @SpringBootConfiguration com.SpringFirst.springboot.Application for test class com.SpringFirst.springboot.web.IndexControllerTest
2020-07-22 15:46:25.395  INFO 13180 --- [    Test worker] .b.t.c.SpringBootTestContextBootstrapper : Loaded default TestExecutionListener class names from location [META-INF/spring.factories]: [org.springframework.security.test.context.support.WithSecurityContextTestExecutionListener, org.springframework.security.test.context.support.ReactorContextTestExecutionListener, org.springframework.boot.test.autoconfigure.restdocs.RestDocsTestExecutionListener, org.springframework.boot.test.autoconfigure.web.client.MockRestServiceServerResetTestExecutionListener, org.springframework.boot.test.autoconfigure.web.servlet.MockMvcPrintOnlyOnFailureTestExecutionListener, org.springframework.boot.test.autoconfigure.web.servlet.WebDriverTestExecutionListener, org.springframework.boot.test.mock.mockito.MockitoTestExecutionListener, org.springframework.boot.test.mock.mockito.ResetMocksTestExecutionListener, org.springframework.test.context.web.ServletTestExecutionListener, org.springframework.test.context.support.DirtiesContextBeforeModesTestExecutionListener, org.springframework.test.context.support.DependencyInjectionTestExecutionListener, org.springframework.test.context.support.DirtiesContextTestExecutionListener, org.springframework.test.context.transaction.TransactionalTestExecutionListener, org.springframework.test.context.jdbc.SqlScriptsTestExecutionListener]
2020-07-22 15:46:25.396  INFO 13180 --- [    Test worker] .b.t.c.SpringBootTestContextBootstrapper : Using TestExecutionListeners: [org.springframework.test.context.web.ServletTestExecutionListener@535a6277, org.springframework.test.context.support.DirtiesContextBeforeModesTestExecutionListener@2e9d5ee, org.springframework.boot.test.mock.mockito.MockitoTestExecutionListener@1527c586, org.springframework.boot.test.autoconfigure.SpringBootDependencyInjectionTestExecutionListener@3d62c3c5, org.springframework.test.context.support.DirtiesContextTestExecutionListener@3d2b57c4, org.springframework.test.context.transaction.TransactionalTestExecutionListener@71a1b32a, org.springframework.test.context.jdbc.SqlScriptsTestExecutionListener@5a81536d, org.springframework.security.test.context.support.WithSecurityContextTestExecutionListener@71d6df13, org.springframework.security.test.context.support.ReactorContextTestExecutionListener@1624239a, org.springframework.boot.test.autoconfigure.restdocs.RestDocsTestExecutionListener@6ae0ea97, org.springframework.boot.test.autoconfigure.web.client.MockRestServiceServerResetTestExecutionListener@3a2ac69d, org.springframework.boot.test.autoconfigure.web.servlet.MockMvcPrintOnlyOnFailureTestExecutionListener@7d43b88c, org.springframework.boot.test.autoconfigure.web.servlet.WebDriverTestExecutionListener@4acc6c4d, org.springframework.boot.test.mock.mockito.ResetMocksTestExecutionListener@271583d1]

  .   ____          _            __ _ _
 /\\ / ___'_ __ _ _(_)_ __  __ _ \ \ \ \
( ( )\___ | '_ | '_| | '_ \/ _` | \ \ \ \
 \\/  ___)| |_)| | | | | || (_| |  ) ) ) )
  '  |____| .__|_| |_|_| |_\__, | / / / /
 =========|_|==============|___/=/_/_/_/
 :: Spring Boot ::        (v2.1.7.RELEASE)

2020-07-22 15:46:25.423  INFO 13180 --- [    Test worker] c.S.springboot.web.IndexControllerTest   : Starting IndexControllerTest on DESKTOP-JNEGHC6 with PID 13180 (started by JOO in C:\Users\JOO\IdeaProjects\SpringFirst)
2020-07-22 15:46:25.423  INFO 13180 --- [    Test worker] c.S.springboot.web.IndexControllerTest   : No active profile set, falling back to default profiles: default
2020-07-22 15:46:25.608  INFO 13180 --- [    Test worker] .s.d.r.c.RepositoryConfigurationDelegate : Bootstrapping Spring Data repositories in DEFAULT mode.
2020-07-22 15:46:25.634  INFO 13180 --- [    Test worker] .s.d.r.c.RepositoryConfigurationDelegate : Finished Spring Data repository scanning in 23ms. Found 2 repository interfaces.
2020-07-22 15:46:25.716  INFO 13180 --- [    Test worker] trationDelegate$BeanPostProcessorChecker : Bean 'org.springframework.transaction.annotation.ProxyTransactionManagementConfiguration' of type [org.springframework.transaction.annotation.ProxyTransactionManagementConfiguration$$EnhancerBySpringCGLIB$$68716c5b] is not eligible for getting processed by all BeanPostProcessors (for example: not eligible for auto-proxying)
2020-07-22 15:46:25.918  INFO 13180 --- [    Test worker] o.s.b.w.embedded.tomcat.TomcatWebServer  : Tomcat initialized with port(s): 0 (http)
2020-07-22 15:46:25.943  INFO 13180 --- [    Test worker] o.apache.catalina.core.StandardService   : Starting service [Tomcat]
2020-07-22 15:46:25.944  INFO 13180 --- [    Test worker] org.apache.catalina.core.StandardEngine  : Starting Servlet engine: [Apache Tomcat/9.0.22]
2020-07-22 15:46:26.101  INFO 13180 --- [    Test worker] o.a.c.c.C.[Tomcat].[localhost].[/]       : Initializing Spring embedded WebApplicationContext
2020-07-22 15:46:26.102  INFO 13180 --- [    Test worker] o.s.web.context.ContextLoader            : Root WebApplicationContext: initialization completed in 677 ms
2020-07-22 15:46:26.275  INFO 13180 --- [    Test worker] com.zaxxer.hikari.HikariDataSource       : HikariPool-2 - Starting...
2020-07-22 15:46:26.276  INFO 13180 --- [    Test worker] com.zaxxer.hikari.HikariDataSource       : HikariPool-2 - Start completed.
2020-07-22 15:46:26.311  INFO 13180 --- [    Test worker] o.hibernate.jpa.internal.util.LogHelper  : HHH000204: Processing PersistenceUnitInfo [
	name: default
	...]
2020-07-22 15:46:26.320  INFO 13180 --- [    Test worker] org.hibernate.dialect.Dialect            : HHH000400: Using dialect: org.hibernate.dialect.MySQL5InnoDBDialect
Hibernate: drop table if exists posts
Hibernate: drop table if exists user
Hibernate: create table posts (id bigint not null auto_increment, created_date datetime, modified_date datetime, author varchar(255), content TEXT not null, title varchar(500) not null, primary key (id)) engine=InnoDB
Hibernate: create table user (id bigint not null auto_increment, created_date datetime, modified_date datetime, email varchar(255) not null, name varchar(255) not null, picture varchar(255), role varchar(255) not null, primary key (id)) engine=InnoDB
2020-07-22 15:46:26.365  INFO 13180 --- [    Test worker] o.h.t.schema.internal.SchemaCreatorImpl  : HHH000476: Executing import script 'org.hibernate.tool.schema.internal.exec.ScriptSourceInputNonExistentImpl@1a6e9e7f'
2020-07-22 15:46:26.365  INFO 13180 --- [    Test worker] j.LocalContainerEntityManagerFactoryBean : Initialized JPA EntityManagerFactory for persistence unit 'default'
2020-07-22 15:46:26.623  INFO 13180 --- [    Test worker] o.h.h.i.QueryTranslatorFactoryInitiator  : HHH000397: Using ASTQueryTranslatorFactory
2020-07-22 15:46:26.745  INFO 13180 --- [    Test worker] o.s.s.web.DefaultSecurityFilterChain     : Creating filter chain: any request, [org.springframework.security.web.context.request.async.WebAsyncManagerIntegrationFilter@69c696c0, org.springframework.security.web.context.SecurityContextPersistenceFilter@22b916d9, org.springframework.security.web.header.HeaderWriterFilter@37a43cdc, org.springframework.security.web.authentication.logout.LogoutFilter@7a4ea769, org.springframework.security.oauth2.client.web.OAuth2AuthorizationRequestRedirectFilter@6147a4cd, org.springframework.security.oauth2.client.web.OAuth2LoginAuthenticationFilter@4dcbb181, org.springframework.security.web.authentication.ui.DefaultLoginPageGeneratingFilter@102b746b, org.springframework.security.web.authentication.ui.DefaultLogoutPageGeneratingFilter@5542b504, org.springframework.security.web.savedrequest.RequestCacheAwareFilter@3913bc90, org.springframework.security.web.servletapi.SecurityContextHolderAwareRequestFilter@2fc725b2, org.springframework.security.web.authentication.AnonymousAuthenticationFilter@97f02ad, org.springframework.security.web.session.SessionManagementFilter@6a6aa736, org.springframework.security.web.access.ExceptionTranslationFilter@730d0791, org.springframework.security.web.access.intercept.FilterSecurityInterceptor@460f46ea]
2020-07-22 15:46:26.904  INFO 13180 --- [    Test worker] o.s.s.concurrent.ThreadPoolTaskExecutor  : Initializing ExecutorService 'applicationTaskExecutor'
2020-07-22 15:46:26.914  WARN 13180 --- [    Test worker] aWebConfiguration$JpaWebMvcConfiguration : spring.jpa.open-in-view is enabled by default. Therefore, database queries may be performed during view rendering. Explicitly configure spring.jpa.open-in-view to disable this warning
2020-07-22 15:46:26.935  INFO 13180 --- [    Test worker] o.s.b.a.w.s.WelcomePageHandlerMapping    : Adding welcome page template: index
2020-07-22 15:46:27.152  INFO 13180 --- [    Test worker] s.a.ScheduledAnnotationBeanPostProcessor : No TaskScheduler/ScheduledExecutorService bean found for scheduled processing
2020-07-22 15:46:27.167  INFO 13180 --- [    Test worker] o.s.b.w.embedded.tomcat.TomcatWebServer  : Tomcat started on port(s): 50230 (http) with context path ''
2020-07-22 15:46:27.168  INFO 13180 --- [    Test worker] c.S.springboot.web.IndexControllerTest   : Started IndexControllerTest in 1.77 seconds (JVM running for 9.527)
2020-07-22 15:46:27.239  INFO 13180 --- [o-auto-1-exec-1] o.a.c.c.C.[Tomcat].[localhost].[/]       : Initializing Spring DispatcherServlet 'dispatcherServlet'
2020-07-22 15:46:27.240  INFO 13180 --- [o-auto-1-exec-1] o.s.web.servlet.DispatcherServlet        : Initializing Servlet 'dispatcherServlet'
2020-07-22 15:46:27.255  INFO 13180 --- [o-auto-1-exec-1] o.s.web.servlet.DispatcherServlet        : Completed initialization in 15 ms
Hibernate: select posts0_.id as id1_0_, posts0_.created_date as created_2_0_, posts0_.modified_date as modified3_0_, posts0_.author as author4_0_, posts0_.content as content5_0_, posts0_.title as title6_0_ from posts posts0_ order by posts0_.id DESC
]]></system-out>
  <system-err><![CDATA[]]></system-err>
</testsuite>
